2023/07/17 03:11:20| ERROR: cannot change current directory to /var/spool/squid3: (2) No such file or directory
2023/07/17 03:11:20| Current Directory is /
2023/07/17 03:11:20| Creating missing swap directories
2023/07/17 03:11:20| No cache_dir stores are configured.
2023/07/17 03:11:20| Removing PID file (/run/squid.pid)
2023/07/17 03:11:21| ERROR: cannot change current directory to /var/spool/squid3: (2) No such file or directory
2023/07/17 03:11:21| Current Directory is /
2023/07/17 03:11:21| Starting Squid Cache version 5.2 for x86_64-pc-linux-gnu...
2023/07/17 03:11:21| Service Name: squid
2023/07/17 03:11:21| Process ID 11
2023/07/17 03:11:21| Process Roles: master worker
2023/07/17 03:11:21| With 1048576 file descriptors available
2023/07/17 03:11:21| Initializing IP Cache...
2023/07/17 03:11:21| DNS Socket created at 0.0.0.0, FD 8
2023/07/17 03:11:21| Adding nameserver 127.0.0.11 from /etc/resolv.conf
2023/07/17 03:11:21| Adding ndots 1 from /etc/resolv.conf
2023/07/17 03:11:21| Logfile: opening log daemon:/var/log/squid/access.log
2023/07/17 03:11:21| Logfile Daemon: opening log /var/log/squid/access.log
2023/07/17 03:11:21| Local cache digest enabled; rebuild/rewrite every 3600/3600 sec
2023/07/17 03:11:21| Store logging disabled
2023/07/17 03:11:21| Swap maxSize 0 + 262144 KB, estimated 20164 objects
2023/07/17 03:11:21| Target number of buckets: 1008
2023/07/17 03:11:21| Using 8192 Store buckets
2023/07/17 03:11:21| Max Mem  size: 262144 KB
2023/07/17 03:11:21| Max Swap size: 0 KB
2023/07/17 03:11:21| Using Least Load store dir selection
2023/07/17 03:11:21| ERROR: cannot change current directory to /var/spool/squid3: (2) No such file or directory
2023/07/17 03:11:21| Current Directory is /
2023/07/17 03:11:21| Finished loading MIME types and icons.
2023/07/17 03:11:21| HTCP Disabled.
2023/07/17 03:11:21| Pinger socket opened on FD 13
2023/07/17 03:11:21| Squid plugin modules loaded: 0
2023/07/17 03:11:21| Adaptation support is off.
2023/07/17 03:11:21| Accepting HTTP Socket connections at conn2 local=0.0.0.0:3128 remote=[::] FD 11 flags=9
2023/07/17 03:11:21| WARNING: BCP 177 violation. Detected non-functional IPv6 loopback.
2023/07/17 03:11:21| pinger: Initialising ICMP pinger ...
2023/07/17 03:11:21| pinger: ICMP socket opened.
2023/07/17 03:11:21| pinger: ICMPv6 socket opened
2023/07/17 03:11:22| storeLateRelease: released 0 objects
2023/07/17 03:11:36| ERROR: cannot change current directory to /var/spool/squid3: (2) No such file or directory
2023/07/17 03:11:36| Current Directory is /
2023/07/17 03:11:36| Starting Squid Cache version 5.2 for x86_64-pc-linux-gnu...
2023/07/17 03:11:36| Service Name: squid
2023/07/17 03:11:36| Process ID 12
2023/07/17 03:11:36| Process Roles: master worker
2023/07/17 03:11:36| With 1048576 file descriptors available
2023/07/17 03:11:36| Initializing IP Cache...
2023/07/17 03:11:36| DNS Socket created at 0.0.0.0, FD 8
2023/07/17 03:11:36| Adding nameserver 127.0.0.11 from /etc/resolv.conf
2023/07/17 03:11:36| Adding ndots 1 from /etc/resolv.conf
2023/07/17 03:11:36| Logfile: opening log daemon:/var/log/squid/access.log
2023/07/17 03:11:36| Logfile Daemon: opening log /var/log/squid/access.log
2023/07/17 03:11:36| Local cache digest enabled; rebuild/rewrite every 3600/3600 sec
2023/07/17 03:11:36| Store logging disabled
2023/07/17 03:11:36| Swap maxSize 0 + 262144 KB, estimated 20164 objects
2023/07/17 03:11:36| Target number of buckets: 1008
2023/07/17 03:11:36| Using 8192 Store buckets
2023/07/17 03:11:36| Max Mem  size: 262144 KB
2023/07/17 03:11:36| Max Swap size: 0 KB
2023/07/17 03:11:36| Using Least Load store dir selection
2023/07/17 03:11:36| ERROR: cannot change current directory to /var/spool/squid3: (2) No such file or directory
2023/07/17 03:11:36| Current Directory is /
2023/07/17 03:11:36| Finished loading MIME types and icons.
2023/07/17 03:11:36| HTCP Disabled.
2023/07/17 03:11:36| Pinger socket opened on FD 13
2023/07/17 03:11:36| Squid plugin modules loaded: 0
2023/07/17 03:11:36| Adaptation support is off.
2023/07/17 03:11:36| Accepting HTTP Socket connections at conn2 local=0.0.0.0:3128 remote=[::] FD 11 flags=9
2023/07/17 03:11:36| WARNING: BCP 177 violation. Detected non-functional IPv6 loopback.
2023/07/17 03:11:36| pinger: Initialising ICMP pinger ...
2023/07/17 03:11:36| pinger: ICMP socket opened.
2023/07/17 03:11:36| pinger: ICMPv6 socket opened
2023/07/17 03:11:37| storeLateRelease: released 0 objects
